<?xml version="1.0" encoding="UTF-8"?>
<testsuite xmlns:xsi="http://www.w3.org/2001/XMLSchema-instance" xsi:schemaLocation="https://maven.apache.org/surefire/maven-surefire-plugin/xsd/surefire-test-report.xsd" name="edu.stanford.nlp.pipeline.QuoteAnnotatorTest" time="0.103" tests="40" errors="0" skipped="0" failures="0">
  <properties>
    <property name="java.runtime.name" value="Java(TM) SE Runtime Environment"/>
    <property name="sun.boot.library.path" value="/Library/Java/JavaVirtualMachines/jdk1.8.0_11.jdk/Contents/Home/jre/lib"/>
    <property name="java.vm.version" value="25.11-b03"/>
    <property name="gopherProxySet" value="false"/>
    <property name="java.vm.vendor" value="Oracle Corporation"/>
    <property name="maven.multiModuleProjectDirectory" value="/tmp/CoreNLP"/>
    <property name="java.vendor.url" value="http://java.oracle.com/"/>
    <property name="path.separator" value=":"/>
    <property name="guice.disable.misplaced.annotation.check" value="true"/>
    <property name="java.vm.name" value="Java HotSpot(TM) 64-Bit Server VM"/>
    <property name="file.encoding.pkg" value="sun.io"/>
    <property name="user.country" value="US"/>
    <property name="sun.java.launcher" value="SUN_STANDARD"/>
    <property name="sun.os.patch.level" value="unknown"/>
    <property name="java.vm.specification.name" value="Java Virtual Machine Specification"/>
    <property name="user.dir" value="/private/tmp/CoreNLP"/>
    <property name="java.runtime.version" value="1.8.0_11-b12"/>
    <property name="java.awt.graphicsenv" value="sun.awt.CGraphicsEnvironment"/>
    <property name="java.endorsed.dirs" value="/Library/Java/JavaVirtualMachines/jdk1.8.0_11.jdk/Contents/Home/jre/lib/endorsed"/>
    <property name="os.arch" value="x86_64"/>
    <property name="java.io.tmpdir" value="/var/folders/0k/0432x4310gjfg2n5mym0htx40000gn/T/"/>
    <property name="line.separator" value="&#10;"/>
    <property name="java.vm.specification.vendor" value="Oracle Corporation"/>
    <property name="os.name" value="Mac OS X"/>
    <property name="classworlds.conf" value="/usr/local/Cellar/maven/3.3.9/libexec/bin/m2.conf"/>
    <property name="sun.jnu.encoding" value="UTF-8"/>
    <property name="java.library.path" value="/Users/isaks/Library/Java/Extensions:/Library/Java/Extensions:/Network/Library/Java/Extensions:/System/Library/Java/Extensions:/usr/lib/java:."/>
    <property name="java.specification.name" value="Java Platform API Specification"/>
    <property name="java.class.version" value="52.0"/>
    <property name="sun.management.compiler" value="HotSpot 64-Bit Tiered Compilers"/>
    <property name="os.version" value="10.12.2"/>
    <property name="http.nonProxyHosts" value="local|*.local|169.254/16|*.169.254/16"/>
    <property name="user.home" value="/Users/isaks"/>
    <property name="user.timezone" value="America/Los_Angeles"/>
    <property name="java.awt.printerjob" value="sun.lwawt.macosx.CPrinterJob"/>
    <property name="java.specification.version" value="1.8"/>
    <property name="file.encoding" value="UTF-8"/>
    <property name="user.name" value="isaks"/>
    <property name="java.class.path" value="/usr/local/Cellar/maven/3.3.9/libexec/boot/plexus-classworlds-2.5.2.jar"/>
    <property name="java.vm.specification.version" value="1.8"/>
    <property name="sun.arch.data.model" value="64"/>
    <property name="java.home" value="/Library/Java/JavaVirtualMachines/jdk1.8.0_11.jdk/Contents/Home/jre"/>
    <property name="sun.java.command" value="org.codehaus.plexus.classworlds.launcher.Launcher jacoco:prepare-agent test jacoco:report"/>
    <property name="java.specification.vendor" value="Oracle Corporation"/>
    <property name="user.language" value="en"/>
    <property name="awt.toolkit" value="sun.lwawt.macosx.LWCToolkit"/>
    <property name="java.vm.info" value="mixed mode"/>
    <property name="java.version" value="1.8.0_11"/>
    <property name="java.ext.dirs" value="/Users/isaks/Library/Java/Extensions:/Library/Java/JavaVirtualMachines/jdk1.8.0_11.jdk/Contents/Home/jre/lib/ext:/Library/Java/Extensions:/Network/Library/Java/Extensions:/System/Library/Java/Extensions:/usr/lib/java"/>
    <property name="sun.boot.class.path" value="/Library/Java/JavaVirtualMachines/jdk1.8.0_11.jdk/Contents/Home/jre/lib/resources.jar:/Library/Java/JavaVirtualMachines/jdk1.8.0_11.jdk/Contents/Home/jre/lib/rt.jar:/Library/Java/JavaVirtualMachines/jdk1.8.0_11.jdk/Contents/Home/jre/lib/sunrsasign.jar:/Library/Java/JavaVirtualMachines/jdk1.8.0_11.jdk/Contents/Home/jre/lib/jsse.jar:/Library/Java/JavaVirtualMachines/jdk1.8.0_11.jdk/Contents/Home/jre/lib/jce.jar:/Library/Java/JavaVirtualMachines/jdk1.8.0_11.jdk/Contents/Home/jre/lib/charsets.jar:/Library/Java/JavaVirtualMachines/jdk1.8.0_11.jdk/Contents/Home/jre/lib/jfr.jar:/Library/Java/JavaVirtualMachines/jdk1.8.0_11.jdk/Contents/Home/jre/classes"/>
    <property name="java.vendor" value="Oracle Corporation"/>
    <property name="maven.home" value="/usr/local/Cellar/maven/3.3.9/libexec"/>
    <property name="file.separator" value="/"/>
    <property name="java.vendor.url.bug" value="http://bugreport.sun.com/bugreport/"/>
    <property name="sun.cpu.endian" value="little"/>
    <property name="sun.io.unicode.encoding" value="UnicodeBig"/>
    <property name="socksNonProxyHosts" value="local|*.local|169.254/16|*.169.254/16"/>
    <property name="ftp.nonProxyHosts" value="local|*.local|169.254/16|*.169.254/16"/>
    <property name="sun.cpu.isalist" value=""/>
  </properties>
  <testcase name="testBasicSingleQuotes" classname="edu.stanford.nlp.pipeline.QuoteAnnotatorTest" time="0.023"/>
  <testcase name="testEmbeddedMixedComplicated" classname="edu.stanford.nlp.pipeline.QuoteAnnotatorTest" time="0.004"/>
  <testcase name="testMultiLineQuoteDouble" classname="edu.stanford.nlp.pipeline.QuoteAnnotatorTest" time="0.002"/>
  <testcase name="testEmbeddedQuotes" classname="edu.stanford.nlp.pipeline.QuoteAnnotatorTest" time="0.008"/>
  <testcase name="testTripleEmbeddedLatexQuotes" classname="edu.stanford.nlp.pipeline.QuoteAnnotatorTest" time="0.002"/>
  <testcase name="testMultiLineQuoteSingle" classname="edu.stanford.nlp.pipeline.QuoteAnnotatorTest" time="0.001"/>
  <testcase name="testTis" classname="edu.stanford.nlp.pipeline.QuoteAnnotatorTest" time="0.003"/>
  <testcase name="testUnicodeQuotesWithBadUnicodeQuotes" classname="edu.stanford.nlp.pipeline.QuoteAnnotatorTest" time="0.002"/>
  <testcase name="testBasicLatexQuotes" classname="edu.stanford.nlp.pipeline.QuoteAnnotatorTest" time="0.001"/>
  <testcase name="testUnicodeQuotesWithApostrophes" classname="edu.stanford.nlp.pipeline.QuoteAnnotatorTest" time="0.004"/>
  <testcase name="testTripleEmbeddedLatexQuotesNoEmbedded" classname="edu.stanford.nlp.pipeline.QuoteAnnotatorTest" time="0.001"/>
  <testcase name="testQuotesFollowEachother" classname="edu.stanford.nlp.pipeline.QuoteAnnotatorTest" time="0.001"/>
  <testcase name="testTripleEmbeddedUnicodeQuotes" classname="edu.stanford.nlp.pipeline.QuoteAnnotatorTest" time="0.001"/>
  <testcase name="testBasicAllowEmbeddedSameUnicode" classname="edu.stanford.nlp.pipeline.QuoteAnnotatorTest" time="0.001"/>
  <testcase name="testUnclosedInitialQuotes" classname="edu.stanford.nlp.pipeline.QuoteAnnotatorTest" time="0"/>
  <testcase name="testLatexQuotesWithDirectedApostrophes" classname="edu.stanford.nlp.pipeline.QuoteAnnotatorTest" time="0.001"/>
  <testcase name="testMaxLength" classname="edu.stanford.nlp.pipeline.QuoteAnnotatorTest" time="0.001"/>
  <testcase name="testWordsWithApostropheTerminalsInOneDoubleQuote" classname="edu.stanford.nlp.pipeline.QuoteAnnotatorTest" time="0.001"/>
  <testcase name="testEmbeddedLatexQuotesNoEmbedded" classname="edu.stanford.nlp.pipeline.QuoteAnnotatorTest" time="0.001"/>
  <testcase name="testEmbeddedLatexQuotes" classname="edu.stanford.nlp.pipeline.QuoteAnnotatorTest" time="0.001"/>
  <testcase name="testUnclosedLastDoubleQuotes" classname="edu.stanford.nlp.pipeline.QuoteAnnotatorTest" time="0.001"/>
  <testcase name="testBasicInternalPunc" classname="edu.stanford.nlp.pipeline.QuoteAnnotatorTest" time="0.001"/>
  <testcase name="testBasicIgnoreSingleQuotes" classname="edu.stanford.nlp.pipeline.QuoteAnnotatorTest" time="0.005"/>
  <testcase name="testEmbeddedSingleLatexQuotes" classname="edu.stanford.nlp.pipeline.QuoteAnnotatorTest" time="0.001"/>
  <testcase name="testEmbeddedLatexQuotesAllEndSamePlace" classname="edu.stanford.nlp.pipeline.QuoteAnnotatorTest" time="0.001"/>
  <testcase name="testBasicAsciiQuotes" classname="edu.stanford.nlp.pipeline.QuoteAnnotatorTest" time="0.002"/>
  <testcase name="testWordsWithApostropheTerminalsInDoubleQuotes" classname="edu.stanford.nlp.pipeline.QuoteAnnotatorTest" time="0.001"/>
  <testcase name="testDoubleEnclosedInSingle" classname="edu.stanford.nlp.pipeline.QuoteAnnotatorTest" time="0.002"/>
  <testcase name="testUnclosedLastSingleQuotes" classname="edu.stanford.nlp.pipeline.QuoteAnnotatorTest" time="0"/>
  <testcase name="testEmbeddedLatexQuotesAllEndSamePlaceNoEmbedded" classname="edu.stanford.nlp.pipeline.QuoteAnnotatorTest" time="0.001"/>
  <testcase name="testBasicUnicodeQuotes" classname="edu.stanford.nlp.pipeline.QuoteAnnotatorTest" time="0.001"/>
  <testcase name="testDashes" classname="edu.stanford.nlp.pipeline.QuoteAnnotatorTest" time="0.007"/>
  <testcase name="testEmbeddedQuotesTwo" classname="edu.stanford.nlp.pipeline.QuoteAnnotatorTest" time="0.003"/>
  <testcase name="testBasicDoubleQuotes" classname="edu.stanford.nlp.pipeline.QuoteAnnotatorTest" time="0.002"/>
  <testcase name="testUnclosedLastDoubleQuotesUnclosedAnnotation" classname="edu.stanford.nlp.pipeline.QuoteAnnotatorTest" time="0.002"/>
  <testcase name="testSingleEnclosedInDouble" classname="edu.stanford.nlp.pipeline.QuoteAnnotatorTest" time="0.001"/>
  <testcase name="testWordBeginningWithApostropheAtQuoteBeginningSingleQuotes" classname="edu.stanford.nlp.pipeline.QuoteAnnotatorTest" time="0.001"/>
  <testcase name="testMultiParagraphQuoteDouble" classname="edu.stanford.nlp.pipeline.QuoteAnnotatorTest" time="0.001"/>
  <testcase name="testBasicEmbeddedSameUnicode" classname="edu.stanford.nlp.pipeline.QuoteAnnotatorTest" time="0.001"/>
  <testcase name="testMultiParagraphQuoteSingle" classname="edu.stanford.nlp.pipeline.QuoteAnnotatorTest" time="0.003"/>
</testsuite>