<?xml version="1.0" encoding="UTF-8"?>
<testsuite xmlns:xsi="http://www.w3.org/2001/XMLSchema-instance" xsi:schemaLocation="https://maven.apache.org/surefire/maven-surefire-plugin/xsd/surefire-test-report.xsd" name="edu.stanford.nlp.naturalli.RelationTripleSegmenterTest" time="1.254" tests="66" errors="0" skipped="0" failures="0">
  <properties>
    <property name="java.runtime.name" value="Java(TM) SE Runtime Environment"/>
    <property name="sun.boot.library.path" value="/Library/Java/JavaVirtualMachines/jdk1.8.0_11.jdk/Contents/Home/jre/lib"/>
    <property name="java.vm.version" value="25.11-b03"/>
    <property name="gopherProxySet" value="false"/>
    <property name="java.vm.vendor" value="Oracle Corporation"/>
    <property name="maven.multiModuleProjectDirectory" value="/tmp/CoreNLP"/>
    <property name="java.vendor.url" value="http://java.oracle.com/"/>
    <property name="path.separator" value=":"/>
    <property name="guice.disable.misplaced.annotation.check" value="true"/>
    <property name="java.vm.name" value="Java HotSpot(TM) 64-Bit Server VM"/>
    <property name="file.encoding.pkg" value="sun.io"/>
    <property name="user.country" value="US"/>
    <property name="sun.java.launcher" value="SUN_STANDARD"/>
    <property name="sun.os.patch.level" value="unknown"/>
    <property name="java.vm.specification.name" value="Java Virtual Machine Specification"/>
    <property name="user.dir" value="/private/tmp/CoreNLP"/>
    <property name="java.runtime.version" value="1.8.0_11-b12"/>
    <property name="java.awt.graphicsenv" value="sun.awt.CGraphicsEnvironment"/>
    <property name="java.endorsed.dirs" value="/Library/Java/JavaVirtualMachines/jdk1.8.0_11.jdk/Contents/Home/jre/lib/endorsed"/>
    <property name="os.arch" value="x86_64"/>
    <property name="java.io.tmpdir" value="/var/folders/0k/0432x4310gjfg2n5mym0htx40000gn/T/"/>
    <property name="line.separator" value="&#10;"/>
    <property name="java.vm.specification.vendor" value="Oracle Corporation"/>
    <property name="os.name" value="Mac OS X"/>
    <property name="classworlds.conf" value="/usr/local/Cellar/maven/3.3.9/libexec/bin/m2.conf"/>
    <property name="sun.jnu.encoding" value="UTF-8"/>
    <property name="java.library.path" value="/Users/isaks/Library/Java/Extensions:/Library/Java/Extensions:/Network/Library/Java/Extensions:/System/Library/Java/Extensions:/usr/lib/java:."/>
    <property name="java.specification.name" value="Java Platform API Specification"/>
    <property name="java.class.version" value="52.0"/>
    <property name="sun.management.compiler" value="HotSpot 64-Bit Tiered Compilers"/>
    <property name="os.version" value="10.12.2"/>
    <property name="http.nonProxyHosts" value="local|*.local|169.254/16|*.169.254/16"/>
    <property name="user.home" value="/Users/isaks"/>
    <property name="user.timezone" value="America/Los_Angeles"/>
    <property name="java.awt.printerjob" value="sun.lwawt.macosx.CPrinterJob"/>
    <property name="java.specification.version" value="1.8"/>
    <property name="file.encoding" value="UTF-8"/>
    <property name="user.name" value="isaks"/>
    <property name="java.class.path" value="/usr/local/Cellar/maven/3.3.9/libexec/boot/plexus-classworlds-2.5.2.jar"/>
    <property name="java.vm.specification.version" value="1.8"/>
    <property name="sun.arch.data.model" value="64"/>
    <property name="java.home" value="/Library/Java/JavaVirtualMachines/jdk1.8.0_11.jdk/Contents/Home/jre"/>
    <property name="sun.java.command" value="org.codehaus.plexus.classworlds.launcher.Launcher jacoco:prepare-agent test jacoco:report"/>
    <property name="java.specification.vendor" value="Oracle Corporation"/>
    <property name="user.language" value="en"/>
    <property name="awt.toolkit" value="sun.lwawt.macosx.LWCToolkit"/>
    <property name="java.vm.info" value="mixed mode"/>
    <property name="java.version" value="1.8.0_11"/>
    <property name="java.ext.dirs" value="/Users/isaks/Library/Java/Extensions:/Library/Java/JavaVirtualMachines/jdk1.8.0_11.jdk/Contents/Home/jre/lib/ext:/Library/Java/Extensions:/Network/Library/Java/Extensions:/System/Library/Java/Extensions:/usr/lib/java"/>
    <property name="sun.boot.class.path" value="/Library/Java/JavaVirtualMachines/jdk1.8.0_11.jdk/Contents/Home/jre/lib/resources.jar:/Library/Java/JavaVirtualMachines/jdk1.8.0_11.jdk/Contents/Home/jre/lib/rt.jar:/Library/Java/JavaVirtualMachines/jdk1.8.0_11.jdk/Contents/Home/jre/lib/sunrsasign.jar:/Library/Java/JavaVirtualMachines/jdk1.8.0_11.jdk/Contents/Home/jre/lib/jsse.jar:/Library/Java/JavaVirtualMachines/jdk1.8.0_11.jdk/Contents/Home/jre/lib/jce.jar:/Library/Java/JavaVirtualMachines/jdk1.8.0_11.jdk/Contents/Home/jre/lib/charsets.jar:/Library/Java/JavaVirtualMachines/jdk1.8.0_11.jdk/Contents/Home/jre/lib/jfr.jar:/Library/Java/JavaVirtualMachines/jdk1.8.0_11.jdk/Contents/Home/jre/classes"/>
    <property name="java.vendor" value="Oracle Corporation"/>
    <property name="maven.home" value="/usr/local/Cellar/maven/3.3.9/libexec"/>
    <property name="file.separator" value="/"/>
    <property name="java.vendor.url.bug" value="http://bugreport.sun.com/bugreport/"/>
    <property name="sun.cpu.endian" value="little"/>
    <property name="sun.io.unicode.encoding" value="UnicodeBig"/>
    <property name="socksNonProxyHosts" value="local|*.local|169.254/16|*.169.254/16"/>
    <property name="ftp.nonProxyHosts" value="local|*.local|169.254/16|*.169.254/16"/>
    <property name="sun.cpu.isalist" value=""/>
  </properties>
  <testcase name="testSameSemanticsForDifferentWordOrder" classname="edu.stanford.nlp.naturalli.RelationTripleSegmenterTest" time="0.011"/>
  <testcase name="testObamaBornInRegression" classname="edu.stanford.nlp.naturalli.RelationTripleSegmenterTest" time="0.257"/>
  <testcase name="testToSentenceOutOfOrder" classname="edu.stanford.nlp.naturalli.RelationTripleSegmenterTest" time="0.003"/>
  <testcase name="testOfWhich" classname="edu.stanford.nlp.naturalli.RelationTripleSegmenterTest" time="0.014"/>
  <testcase name="testToSentenceNoIndices" classname="edu.stanford.nlp.naturalli.RelationTripleSegmenterTest" time="0.003"/>
  <testcase name="testPassiveReflexive" classname="edu.stanford.nlp.naturalli.RelationTripleSegmenterTest" time="0.01"/>
  <testcase name="testPossessiveNoNER" classname="edu.stanford.nlp.naturalli.RelationTripleSegmenterTest" time="0.038"/>
  <testcase name="testPossessiveWithObject" classname="edu.stanford.nlp.naturalli.RelationTripleSegmenterTest" time="0.03"/>
  <testcase name="testGeorgeBoydRegression" classname="edu.stanford.nlp.naturalli.RelationTripleSegmenterTest" time="0.013"/>
  <testcase name="testHeWasInaugurated" classname="edu.stanford.nlp.naturalli.RelationTripleSegmenterTest" time="0.006"/>
  <testcase name="testAdvObjectPassive" classname="edu.stanford.nlp.naturalli.RelationTripleSegmenterTest" time="0.011"/>
  <testcase name="testAclNoPP" classname="edu.stanford.nlp.naturalli.RelationTripleSegmenterTest" time="0.011"/>
  <testcase name="testMyCatsPlayWithYarn" classname="edu.stanford.nlp.naturalli.RelationTripleSegmenterTest" time="0.007"/>
  <testcase name="testChrisManningOfStanfordLong" classname="edu.stanford.nlp.naturalli.RelationTripleSegmenterTest" time="0.024"/>
  <testcase name="testUSsAllyBritain" classname="edu.stanford.nlp.naturalli.RelationTripleSegmenterTest" time="0.064"/>
  <testcase name="testAcl" classname="edu.stanford.nlp.naturalli.RelationTripleSegmenterTest" time="0.008"/>
  <testcase name="testVBG" classname="edu.stanford.nlp.naturalli.RelationTripleSegmenterTest" time="0.042"/>
  <testcase name="testFishLikeToSwim" classname="edu.stanford.nlp.naturalli.RelationTripleSegmenterTest" time="0.008"/>
  <testcase name="testPPAttachmentTwo" classname="edu.stanford.nlp.naturalli.RelationTripleSegmenterTest" time="0.013"/>
  <testcase name="testObjInRelation" classname="edu.stanford.nlp.naturalli.RelationTripleSegmenterTest" time="0.029"/>
  <testcase name="testXComp" classname="edu.stanford.nlp.naturalli.RelationTripleSegmenterTest" time="0.008"/>
  <testcase name="testApposInObject" classname="edu.stanford.nlp.naturalli.RelationTripleSegmenterTest" time="0.012"/>
  <testcase name="testDogsInheaven" classname="edu.stanford.nlp.naturalli.RelationTripleSegmenterTest" time="0.021"/>
  <testcase name="testPPExtraction" classname="edu.stanford.nlp.naturalli.RelationTripleSegmenterTest" time="0.045"/>
  <testcase name="testObamaPresidentOfRegressionFull" classname="edu.stanford.nlp.naturalli.RelationTripleSegmenterTest" time="0.005"/>
  <testcase name="testObamaPresidentOfRegression" classname="edu.stanford.nlp.naturalli.RelationTripleSegmenterTest" time="0.006"/>
  <testcase name="testWh" classname="edu.stanford.nlp.naturalli.RelationTripleSegmenterTest" time="0.011"/>
  <testcase name="testVPOnlyReplacedWith" classname="edu.stanford.nlp.naturalli.RelationTripleSegmenterTest" time="0.006"/>
  <testcase name="testThereAreWith" classname="edu.stanford.nlp.naturalli.RelationTripleSegmenterTest" time="0.011"/>
  <testcase name="testVBGCollapsed" classname="edu.stanford.nlp.naturalli.RelationTripleSegmenterTest" time="0.009"/>
  <testcase name="testUSPresidentObama1" classname="edu.stanford.nlp.naturalli.RelationTripleSegmenterTest" time="0.015"/>
  <testcase name="testUSPresidentObama2" classname="edu.stanford.nlp.naturalli.RelationTripleSegmenterTest" time="0.016"/>
  <testcase name="testAdvObject" classname="edu.stanford.nlp.naturalli.RelationTripleSegmenterTest" time="0.005"/>
  <testcase name="testThrowAway" classname="edu.stanford.nlp.naturalli.RelationTripleSegmenterTest" time="0.005"/>
  <testcase name="testUSAllyBritain" classname="edu.stanford.nlp.naturalli.RelationTripleSegmenterTest" time="0.012"/>
  <testcase name="testToSentenceInOrder" classname="edu.stanford.nlp.naturalli.RelationTripleSegmenterTest" time="0.003"/>
  <testcase name="testCatsHaveTails" classname="edu.stanford.nlp.naturalli.RelationTripleSegmenterTest" time="0.008"/>
  <testcase name="testGlosses" classname="edu.stanford.nlp.naturalli.RelationTripleSegmenterTest" time="0.001"/>
  <testcase name="testChrisIsOfStanford" classname="edu.stanford.nlp.naturalli.RelationTripleSegmenterTest" time="0.016"/>
  <testcase name="testBlueCatsPlayWithYarn" classname="edu.stanford.nlp.naturalli.RelationTripleSegmenterTest" time="0.007"/>
  <testcase name="testReflexive" classname="edu.stanford.nlp.naturalli.RelationTripleSegmenterTest" time="0.005"/>
  <testcase name="testPossessiveInEntity" classname="edu.stanford.nlp.naturalli.RelationTripleSegmenterTest" time="0.005"/>
  <testcase name="testThereAreIn" classname="edu.stanford.nlp.naturalli.RelationTripleSegmenterTest" time="0.012"/>
  <testcase name="testStateOfTheUnion" classname="edu.stanford.nlp.naturalli.RelationTripleSegmenterTest" time="0.018"/>
  <testcase name="testMassOfIron" classname="edu.stanford.nlp.naturalli.RelationTripleSegmenterTest" time="0.005"/>
  <testcase name="testPassiveNSubj" classname="edu.stanford.nlp.naturalli.RelationTripleSegmenterTest" time="0.017"/>
  <testcase name="testCatsAreCute" classname="edu.stanford.nlp.naturalli.RelationTripleSegmenterTest" time="0.007"/>
  <testcase name="testNmodTmod" classname="edu.stanford.nlp.naturalli.RelationTripleSegmenterTest" time="0.005"/>
  <testcase name="testCompoundPossessive" classname="edu.stanford.nlp.naturalli.RelationTripleSegmenterTest" time="0.084"/>
  <testcase name="testPossessive" classname="edu.stanford.nlp.naturalli.RelationTripleSegmenterTest" time="0.013"/>
  <testcase name="testPPAttachment" classname="edu.stanford.nlp.naturalli.RelationTripleSegmenterTest" time="0.005"/>
  <testcase name="testAmericanActorChrisPratt" classname="edu.stanford.nlp.naturalli.RelationTripleSegmenterTest" time="0.035"/>
  <testcase name="testChrisManningOfStanford" classname="edu.stanford.nlp.naturalli.RelationTripleSegmenterTest" time="0.013"/>
  <testcase name="testrabbitsEatVegetables" classname="edu.stanford.nlp.naturalli.RelationTripleSegmenterTest" time="0.007"/>
  <testcase name="testAllNominals" classname="edu.stanford.nlp.naturalli.RelationTripleSegmenterTest" time="0.047"/>
  <testcase name="testFishLikeToSwimAlternateParse" classname="edu.stanford.nlp.naturalli.RelationTripleSegmenterTest" time="0.004"/>
  <testcase name="testBlueCatsPlayQuietlyWithYarn" classname="edu.stanford.nlp.naturalli.RelationTripleSegmenterTest" time="0.006"/>
  <testcase name="testApposAsSubj" classname="edu.stanford.nlp.naturalli.RelationTripleSegmenterTest" time="0.009"/>
  <testcase name="testPresidentObama" classname="edu.stanford.nlp.naturalli.RelationTripleSegmenterTest" time="0.011"/>
  <testcase name="testThereAreVBing" classname="edu.stanford.nlp.naturalli.RelationTripleSegmenterTest" time="0.005"/>
  <testcase name="testUSPresidentObama" classname="edu.stanford.nlp.naturalli.RelationTripleSegmenterTest" time="0.027"/>
  <testcase name="testIAmInFlorida" classname="edu.stanford.nlp.naturalli.RelationTripleSegmenterTest" time="0.004"/>
  <testcase name="testAclWithPP" classname="edu.stanford.nlp.naturalli.RelationTripleSegmenterTest" time="0.005"/>
  <testcase name="testCommaDoesntOvergenerate" classname="edu.stanford.nlp.naturalli.RelationTripleSegmenterTest" time="0.016"/>
  <testcase name="testPropagateCSubj" classname="edu.stanford.nlp.naturalli.RelationTripleSegmenterTest" time="0.004"/>
  <testcase name="testAclWithAdverb" classname="edu.stanford.nlp.naturalli.RelationTripleSegmenterTest" time="0.004"/>
</testsuite>